<?xml version="1.0" encoding="UTF-8"?>
<beans xmlns="http://www.springframework.org/schema/beans"
       xmlns:xsi="http://www.w3.org/2001/XMLSchema-instance"
       xmlns:tx="http://www.springframework.org/schema/tx"
       xmlns:aop="http://www.springframework.org/schema/aop"
       xmlns:context="http://www.springframework.org/schema/context"
       xmlns:mvc="http://www.springframework.org/schema/task"
       xsi:schemaLocation="http://www.springframework.org/schema/beans
       http://www.springframework.org/schema/beans/spring-beans.xsd
       http://www.springframework.org/schema/tx
       http://www.springframework.org/schema/tx/spring-tx.xsd
       http://www.springframework.org/schema/aop
       http://www.springframework.org/schema/aop/spring-aop.xsd
       http://www.springframework.org/schema/context
       http://www.springframework.org/schema/context/spring-context.xsd
       http://www.springframework.org/schema/task http://www.springframework.org/schema/task/spring-task.xsd">

    <context:property-placeholder location="classpath*:jdbc.properties"/>
    <context:component-scan base-package="com.module.*.service,com.module.*.dao"/>
    <mvc:annotation-driven/>

    <bean name="dataSourceDefault" class="com.alibaba.druid.pool.DruidDataSource" init-method="init"
          destroy-method="close">
        <property name="driverClassName" value="${jdbc.driver}"/>
        <property name="url" value="${jdbc.url}"/>
        <property name="username" value="${jdbc.username}"/>
        <property name="password" value="${jdbc.password}"/>
        <property name="initialSize" value="3"/>
        <property name="minIdle" value="3"/>
        <property name="maxActive" value="20"/>
        <property name="maxWait" value="60000"/>
        <property name="timeBetweenEvictionRunsMillis" value="60000"/>
        <property name="minEvictableIdleTimeMillis" value="300000"/>
        <property name="testWhileIdle" value="true"/>
        <property name="testOnBorrow" value="false"/>
        <property name="testOnReturn" value="false"/>
        <property name="filters" value="stat"/>
    </bean>

    <bean id="sessionFactoryDefault" class="org.springframework.orm.hibernate4.LocalSessionFactoryBean">
        <property name="dataSource" ref="dataSourceDefault"/>
        <property name="hibernateProperties">
            <props>
                <prop key="hibernate.dialect">org.hibernate.dialect.MySQLDialect</prop>
                <prop key="hibernate.show_sql">true</prop>
                <prop key="hibernate.format_sql">true</prop>
                <prop key="hibernate.hbm2ddl.auto">update</prop>
            </props>
        </property>
        <property name="packagesToScan">
            <list>
                <value>com.module.**.model</value>
            </list>
        </property>
    </bean>

    <bean id="hibernateTemplateDefault" class="org.springframework.orm.hibernate4.HibernateTemplate">
        <property name="sessionFactory" ref="sessionFactoryDefault"/>
    </bean>

    <bean id="transactionManagerDefault" class="org.springframework.orm.hibernate4.HibernateTransactionManager">
        <property name="sessionFactory" ref="sessionFactoryDefault"/>
    </bean>

    <tx:annotation-driven transaction-manager="transactionManagerDefault"/>
    <tx:advice id="txAdviceDefault" transaction-manager="transactionManagerDefault">
        <tx:attributes>
            <tx:method name="get*" propagation="SUPPORTS" read-only="true" />
            <tx:method name="count*" propagation="SUPPORTS" read-only="true" />
            <tx:method name="find*" propagation="SUPPORTS" read-only="true" />
            <tx:method name="list*" propagation="SUPPORTS" read-only="true" />
            <tx:method name="*" read-only="false" propagation="REQUIRED" />
        </tx:attributes>
    </tx:advice>

    <aop:config proxy-target-class="true">
        <aop:pointcut id="serviceAspect" expression="execution(* com.module.*.service.*.*(..))"/>
        <aop:pointcut id="daoAspect" expression="execution(* com.module.*.dao.*.*(..))"/>
        <aop:advisor advice-ref="txAdviceDefault" pointcut-ref="serviceAspect"/>
    </aop:config>

</beans>